<?xml version="1.0" encoding="UTF-8"?>
<testng-results ignored="0" total="0" passed="0" failed="0" skipped="0">
  <reporter-output>
  </reporter-output>
  <suite started-at="2022-06-02T10:16:21 CDT" name="Surefire suite" finished-at="2022-06-02T10:16:22 CDT" duration-ms="119">
    <groups>
    </groups>
    <test started-at="2022-06-02T10:16:21 CDT" name="Surefire test" finished-at="2022-06-02T10:16:22 CDT" duration-ms="119">
    </test> <!-- Surefire test -->
  </suite> <!-- Surefire suite -->
</testng-results>
